c:\users\dell\desktop\coursenidfinal\shenkar_coursebidsystem\coursebid_secretaryterminal\debug\vc120.pdb
c:\users\dell\desktop\coursenidfinal\shenkar_coursebidsystem\coursebid_secretaryterminal\debug\vc120.idb
c:\users\dell\desktop\coursenidfinal\shenkar_coursebidsystem\coursebid_secretaryterminal\debug\courseaddprerequisitescreen.obj
c:\users\dell\desktop\coursenidfinal\shenkar_coursebidsystem\coursebid_secretaryterminal\debug\courseeditscreen.obj
c:\users\dell\desktop\coursenidfinal\shenkar_coursebidsystem\coursebid_secretaryterminal\debug\courseremoveprerequisitescreen.obj
c:\users\dell\desktop\coursenidfinal\shenkar_coursebidsystem\coursebid_secretaryterminal\debug\lockregistrationscreen.obj
c:\users\dell\desktop\coursenidfinal\shenkar_coursebidsystem\coursebid_secretaryterminal\debug\maincpp.obj
c:\users\dell\desktop\coursenidfinal\shenkar_coursebidsystem\coursebid_secretaryterminal\debug\releaseterminalscreen.obj
c:\users\dell\desktop\coursenidfinal\shenkar_coursebidsystem\coursebid_secretaryterminal\debug\secretarymainscreen.obj
c:\users\dell\desktop\coursenidfinal\shenkar_coursebidsystem\coursebid_secretaryterminal\debug\secretaryterminal.obj
c:\users\dell\desktop\coursenidfinal\shenkar_coursebidsystem\coursebid_secretaryterminal\debug\setexpressionscreen.obj
c:\users\dell\desktop\coursenidfinal\shenkar_coursebidsystem\coursebid_secretaryterminal\debug\setregistrationstartdatescreen.obj
c:\users\dell\desktop\coursenidfinal\shenkar_coursebidsystem\coursebid_secretaryterminal\debug\studentaddassignedcoursescreen.obj
c:\users\dell\desktop\coursenidfinal\shenkar_coursebidsystem\coursebid_secretaryterminal\debug\studentaddcompletedscreen.obj
c:\users\dell\desktop\coursenidfinal\shenkar_coursebidsystem\coursebid_secretaryterminal\debug\studentaddnewscreen.obj
c:\users\dell\desktop\coursenidfinal\shenkar_coursebidsystem\coursebid_secretaryterminal\debug\studenteditscreen.obj
c:\users\dell\desktop\coursenidfinal\shenkar_coursebidsystem\coursebid_secretaryterminal\debug\studentremoveassignedcoursescreen.obj
c:\users\dell\desktop\coursenidfinal\shenkar_coursebidsystem\coursebid_secretaryterminal\debug\studentremovecompletedscreen.obj
c:\users\dell\desktop\coursenidfinal\shenkar_coursebidsystem\coursebid_secretaryterminal\debug\studentremovedesiredcoursescreen.obj
c:\users\dell\desktop\coursenidfinal\shenkar_coursebidsystem\coursebid_secretaryterminal\debug\studentresetpassscreen.obj
c:\users\dell\desktop\coursenidfinal\shenkar_coursebidsystem\coursebid_secretaryterminal\debug\studentunlockscreen.obj
c:\users\dell\desktop\coursenidfinal\shenkar_coursebidsystem\coursebid_secretaryterminal\debug\verifydependencies.obj
c:\users\dell\desktop\coursenidfinal\shenkar_coursebidsystem\coursebid_secretaryterminal\debug\technician.obj
c:\users\dell\desktop\coursenidfinal\shenkar_coursebidsystem\coursebid_secretaryterminal\debug\terminalobj.obj
c:\users\dell\desktop\coursenidfinal\shenkar_coursebidsystem\coursebid_secretaryterminal\debug\user.obj
c:\users\dell\desktop\coursenidfinal\shenkar_coursebidsystem\coursebid_secretaryterminal\debug\insertassignitionfilescreen.obj
c:\users\dell\desktop\coursenidfinal\shenkar_coursebidsystem\coursebid_secretaryterminal\debug\lockscreen.obj
c:\users\dell\desktop\coursenidfinal\shenkar_coursebidsystem\coursebid_secretaryterminal\debug\pointdistributionscreen.obj
c:\users\dell\desktop\coursenidfinal\shenkar_coursebidsystem\coursebid_secretaryterminal\debug\registrationterminal.obj
c:\users\dell\desktop\coursenidfinal\shenkar_coursebidsystem\coursebid_secretaryterminal\debug\studentmainscreen.obj
c:\users\dell\desktop\coursenidfinal\shenkar_coursebidsystem\coursebid_secretaryterminal\debug\technicianmainscreen.obj
c:\users\dell\desktop\coursenidfinal\shenkar_coursebidsystem\coursebid_secretaryterminal\debug\technitianassignitionresultsscreen.obj
c:\users\dell\desktop\coursenidfinal\shenkar_coursebidsystem\coursebid_secretaryterminal\debug\terminal.obj
c:\users\dell\desktop\coursenidfinal\shenkar_coursebidsystem\coursebid_secretaryterminal\debug\userloginscreen.obj
c:\users\dell\desktop\coursenidfinal\shenkar_coursebidsystem\coursebid_secretaryterminal\debug\dbeventlog.obj
c:\users\dell\desktop\coursenidfinal\shenkar_coursebidsystem\coursebid_secretaryterminal\debug\filestorage.obj
c:\users\dell\desktop\coursenidfinal\shenkar_coursebidsystem\coursebid_secretaryterminal\debug\eventlog.obj
c:\users\dell\desktop\coursenidfinal\shenkar_coursebidsystem\coursebid_secretaryterminal\debug\lexer.obj
c:\users\dell\desktop\coursenidfinal\shenkar_coursebidsystem\coursebid_secretaryterminal\debug\parser.obj
c:\users\dell\desktop\coursenidfinal\shenkar_coursebidsystem\coursebid_secretaryterminal\debug\token.obj
c:\users\dell\desktop\coursenidfinal\shenkar_coursebidsystem\coursebid_secretaryterminal\debug\courseaddnewscreen.obj
c:\users\dell\desktop\coursenidfinal\shenkar_coursebidsystem\coursebid_secretaryterminal\debug\assignmentcalculator.obj
c:\users\dell\desktop\coursenidfinal\shenkar_coursebidsystem\coursebid_secretaryterminal\debug\circledetection.obj
c:\users\dell\desktop\coursenidfinal\shenkar_coursebidsystem\coursebid_secretaryterminal\debug\course.obj
c:\users\dell\desktop\coursenidfinal\shenkar_coursebidsystem\coursebid_secretaryterminal\debug\courseeventlog.obj
c:\users\dell\desktop\coursenidfinal\shenkar_coursebidsystem\coursebid_secretaryterminal\debug\registrationstartdate.obj
c:\users\dell\desktop\coursenidfinal\shenkar_coursebidsystem\coursebid_secretaryterminal\debug\student.obj
c:\users\dell\desktop\coursenidfinal\shenkar_coursebidsystem\coursebid_secretaryterminal\debug\studenteventlog.obj
c:\users\dell\desktop\coursenidfinal\shenkar_coursebidsystem\coursebid_secretaryterminal\debug\systemtime.obj
c:\users\dell\desktop\coursenidfinal\shenkar_coursebidsystem\debug\coursebid_secretaryterminal.ilk
c:\users\dell\desktop\coursenidfinal\shenkar_coursebidsystem\debug\coursebid_secretaryterminal.exe
c:\users\dell\desktop\coursenidfinal\shenkar_coursebidsystem\debug\coursebid_secretaryterminal.pdb
c:\users\moshe_000\desktop\coursebidfinal\coursenidfinal\shenkar_coursebidsystem\coursebid_secretaryterminal\debug\assignmentcalculator.obj
c:\users\moshe_000\desktop\coursebidfinal\coursenidfinal\shenkar_coursebidsystem\coursebid_secretaryterminal\debug\circledetection.obj
c:\users\moshe_000\desktop\coursebidfinal\coursenidfinal\shenkar_coursebidsystem\coursebid_secretaryterminal\debug\course.obj
c:\users\moshe_000\desktop\coursebidfinal\coursenidfinal\shenkar_coursebidsystem\coursebid_secretaryterminal\debug\courseaddnewscreen.obj
c:\users\moshe_000\desktop\coursebidfinal\coursenidfinal\shenkar_coursebidsystem\coursebid_secretaryterminal\debug\courseaddprerequisitescreen.obj
c:\users\moshe_000\desktop\coursebidfinal\coursenidfinal\shenkar_coursebidsystem\coursebid_secretaryterminal\debug\courseeditscreen.obj
c:\users\moshe_000\desktop\coursebidfinal\coursenidfinal\shenkar_coursebidsystem\coursebid_secretaryterminal\debug\courseeventlog.obj
c:\users\moshe_000\desktop\coursebidfinal\coursenidfinal\shenkar_coursebidsystem\coursebid_secretaryterminal\debug\courseremoveprerequisitescreen.obj
c:\users\moshe_000\desktop\coursebidfinal\coursenidfinal\shenkar_coursebidsystem\coursebid_secretaryterminal\debug\dbeventlog.obj
c:\users\moshe_000\desktop\coursebidfinal\coursenidfinal\shenkar_coursebidsystem\coursebid_secretaryterminal\debug\eventlog.obj
c:\users\moshe_000\desktop\coursebidfinal\coursenidfinal\shenkar_coursebidsystem\coursebid_secretaryterminal\debug\filestorage.obj
c:\users\moshe_000\desktop\coursebidfinal\coursenidfinal\shenkar_coursebidsystem\coursebid_secretaryterminal\debug\insertassignitionfilescreen.obj
c:\users\moshe_000\desktop\coursebidfinal\coursenidfinal\shenkar_coursebidsystem\coursebid_secretaryterminal\debug\lexer.obj
c:\users\moshe_000\desktop\coursebidfinal\coursenidfinal\shenkar_coursebidsystem\coursebid_secretaryterminal\debug\lockregistrationscreen.obj
c:\users\moshe_000\desktop\coursebidfinal\coursenidfinal\shenkar_coursebidsystem\coursebid_secretaryterminal\debug\lockscreen.obj
c:\users\moshe_000\desktop\coursebidfinal\coursenidfinal\shenkar_coursebidsystem\coursebid_secretaryterminal\debug\maincpp.obj
c:\users\moshe_000\desktop\coursebidfinal\coursenidfinal\shenkar_coursebidsystem\coursebid_secretaryterminal\debug\parser.obj
c:\users\moshe_000\desktop\coursebidfinal\coursenidfinal\shenkar_coursebidsystem\coursebid_secretaryterminal\debug\pointdistributionscreen.obj
c:\users\moshe_000\desktop\coursebidfinal\coursenidfinal\shenkar_coursebidsystem\coursebid_secretaryterminal\debug\registrationstartdate.obj
c:\users\moshe_000\desktop\coursebidfinal\coursenidfinal\shenkar_coursebidsystem\coursebid_secretaryterminal\debug\registrationterminal.obj
c:\users\moshe_000\desktop\coursebidfinal\coursenidfinal\shenkar_coursebidsystem\coursebid_secretaryterminal\debug\releaseterminalscreen.obj
c:\users\moshe_000\desktop\coursebidfinal\coursenidfinal\shenkar_coursebidsystem\coursebid_secretaryterminal\debug\secretarymainscreen.obj
c:\users\moshe_000\desktop\coursebidfinal\coursenidfinal\shenkar_coursebidsystem\coursebid_secretaryterminal\debug\secretaryterminal.obj
c:\users\moshe_000\desktop\coursebidfinal\coursenidfinal\shenkar_coursebidsystem\coursebid_secretaryterminal\debug\setexpressionscreen.obj
c:\users\moshe_000\desktop\coursebidfinal\coursenidfinal\shenkar_coursebidsystem\coursebid_secretaryterminal\debug\setregistrationstartdatescreen.obj
c:\users\moshe_000\desktop\coursebidfinal\coursenidfinal\shenkar_coursebidsystem\coursebid_secretaryterminal\debug\student.obj
c:\users\moshe_000\desktop\coursebidfinal\coursenidfinal\shenkar_coursebidsystem\coursebid_secretaryterminal\debug\studentaddassignedcoursescreen.obj
c:\users\moshe_000\desktop\coursebidfinal\coursenidfinal\shenkar_coursebidsystem\coursebid_secretaryterminal\debug\studentaddcompletedscreen.obj
c:\users\moshe_000\desktop\coursebidfinal\coursenidfinal\shenkar_coursebidsystem\coursebid_secretaryterminal\debug\studentaddnewscreen.obj
c:\users\moshe_000\desktop\coursebidfinal\coursenidfinal\shenkar_coursebidsystem\coursebid_secretaryterminal\debug\studenteditscreen.obj
c:\users\moshe_000\desktop\coursebidfinal\coursenidfinal\shenkar_coursebidsystem\coursebid_secretaryterminal\debug\studenteventlog.obj
c:\users\moshe_000\desktop\coursebidfinal\coursenidfinal\shenkar_coursebidsystem\coursebid_secretaryterminal\debug\studentmainscreen.obj
c:\users\moshe_000\desktop\coursebidfinal\coursenidfinal\shenkar_coursebidsystem\coursebid_secretaryterminal\debug\studentremoveassignedcoursescreen.obj
c:\users\moshe_000\desktop\coursebidfinal\coursenidfinal\shenkar_coursebidsystem\coursebid_secretaryterminal\debug\studentremovecompletedscreen.obj
c:\users\moshe_000\desktop\coursebidfinal\coursenidfinal\shenkar_coursebidsystem\coursebid_secretaryterminal\debug\studentremovedesiredcoursescreen.obj
c:\users\moshe_000\desktop\coursebidfinal\coursenidfinal\shenkar_coursebidsystem\coursebid_secretaryterminal\debug\studentresetpassscreen.obj
c:\users\moshe_000\desktop\coursebidfinal\coursenidfinal\shenkar_coursebidsystem\coursebid_secretaryterminal\debug\studentunlockscreen.obj
c:\users\moshe_000\desktop\coursebidfinal\coursenidfinal\shenkar_coursebidsystem\coursebid_secretaryterminal\debug\systemtime.obj
c:\users\moshe_000\desktop\coursebidfinal\coursenidfinal\shenkar_coursebidsystem\coursebid_secretaryterminal\debug\technician.obj
c:\users\moshe_000\desktop\coursebidfinal\coursenidfinal\shenkar_coursebidsystem\coursebid_secretaryterminal\debug\technicianmainscreen.obj
c:\users\moshe_000\desktop\coursebidfinal\coursenidfinal\shenkar_coursebidsystem\coursebid_secretaryterminal\debug\technitianassignitionresultsscreen.obj
c:\users\moshe_000\desktop\coursebidfinal\coursenidfinal\shenkar_coursebidsystem\coursebid_secretaryterminal\debug\terminal.obj
c:\users\moshe_000\desktop\coursebidfinal\coursenidfinal\shenkar_coursebidsystem\coursebid_secretaryterminal\debug\terminalobj.obj
c:\users\moshe_000\desktop\coursebidfinal\coursenidfinal\shenkar_coursebidsystem\coursebid_secretaryterminal\debug\token.obj
c:\users\moshe_000\desktop\coursebidfinal\coursenidfinal\shenkar_coursebidsystem\coursebid_secretaryterminal\debug\user.obj
c:\users\moshe_000\desktop\coursebidfinal\coursenidfinal\shenkar_coursebidsystem\coursebid_secretaryterminal\debug\userloginscreen.obj
c:\users\moshe_000\desktop\coursebidfinal\coursenidfinal\shenkar_coursebidsystem\coursebid_secretaryterminal\debug\verifydependencies.obj
c:\users\moshe_000\desktop\coursebidfinal\coursenidfinal\shenkar_coursebidsystem\coursebid_secretaryterminal\debug\vc120.idb
c:\users\moshe_000\desktop\coursebidfinal\coursenidfinal\shenkar_coursebidsystem\coursebid_secretaryterminal\debug\vc120.pdb
c:\users\moshe_000\desktop\coursebidfinal\coursenidfinal\shenkar_coursebidsystem\debug\coursebid_secretaryterminal.pdb
c:\users\moshe_000\desktop\coursebidfinal\coursenidfinal\shenkar_coursebidsystem\debug\coursebid_secretaryterminal.exe
c:\users\moshe_000\desktop\coursebidfinal\coursenidfinal\shenkar_coursebidsystem\debug\coursebid_secretaryterminal.ilk
c:\users\moshe_000\desktop\coursebidfinal\coursenidfinal\shenkar_coursebidsystem\coursebid_secretaryterminal\debug\coursebi.994e201a.tlog\cl.command.1.tlog
c:\users\moshe_000\desktop\coursebidfinal\coursenidfinal\shenkar_coursebidsystem\coursebid_secretaryterminal\debug\coursebi.994e201a.tlog\cl.read.1.tlog
c:\users\moshe_000\desktop\coursebidfinal\coursenidfinal\shenkar_coursebidsystem\coursebid_secretaryterminal\debug\coursebi.994e201a.tlog\cl.write.1.tlog
c:\users\moshe_000\desktop\coursebidfinal\coursenidfinal\shenkar_coursebidsystem\coursebid_secretaryterminal\debug\coursebi.994e201a.tlog\link.command.1.tlog
c:\users\moshe_000\desktop\coursebidfinal\coursenidfinal\shenkar_coursebidsystem\coursebid_secretaryterminal\debug\coursebi.994e201a.tlog\link.read.1.tlog
c:\users\moshe_000\desktop\coursebidfinal\coursenidfinal\shenkar_coursebidsystem\coursebid_secretaryterminal\debug\coursebi.994e201a.tlog\link.write.1.tlog
