c:\users\dell\desktop\coursenidfinal\shenkar_coursebidsystem\coursebid_registrationterminal\debug\vc120.pdb
c:\users\dell\desktop\coursenidfinal\shenkar_coursebidsystem\coursebid_registrationterminal\debug\vc120.idb
c:\users\dell\desktop\coursenidfinal\shenkar_coursebidsystem\coursebid_registrationterminal\debug\registrationstartdate.obj
c:\users\dell\desktop\coursenidfinal\shenkar_coursebidsystem\coursebid_registrationterminal\debug\student.obj
c:\users\dell\desktop\coursenidfinal\shenkar_coursebidsystem\coursebid_registrationterminal\debug\studenteventlog.obj
c:\users\dell\desktop\coursenidfinal\shenkar_coursebidsystem\coursebid_registrationterminal\debug\systemtime.obj
c:\users\dell\desktop\coursenidfinal\shenkar_coursebidsystem\coursebid_registrationterminal\debug\technician.obj
c:\users\dell\desktop\coursenidfinal\shenkar_coursebidsystem\coursebid_registrationterminal\debug\terminalobj.obj
c:\users\dell\desktop\coursenidfinal\shenkar_coursebidsystem\coursebid_registrationterminal\debug\user.obj
c:\users\dell\desktop\coursenidfinal\shenkar_coursebidsystem\coursebid_registrationterminal\debug\dbeventlog.obj
c:\users\dell\desktop\coursenidfinal\shenkar_coursebidsystem\coursebid_registrationterminal\debug\filestorage.obj
c:\users\dell\desktop\coursenidfinal\shenkar_coursebidsystem\coursebid_registrationterminal\debug\eventlog.obj
c:\users\dell\desktop\coursenidfinal\shenkar_coursebidsystem\coursebid_registrationterminal\debug\insertassignitionfilescreen.obj
c:\users\dell\desktop\coursenidfinal\shenkar_coursebidsystem\coursebid_registrationterminal\debug\lockscreen.obj
c:\users\dell\desktop\coursenidfinal\shenkar_coursebidsystem\coursebid_registrationterminal\debug\main_regterminal.obj
c:\users\dell\desktop\coursenidfinal\shenkar_coursebidsystem\coursebid_registrationterminal\debug\pointdistributionscreen.obj
c:\users\dell\desktop\coursenidfinal\shenkar_coursebidsystem\coursebid_registrationterminal\debug\registrationterminal.obj
c:\users\dell\desktop\coursenidfinal\shenkar_coursebidsystem\coursebid_registrationterminal\debug\studentmainscreen.obj
c:\users\dell\desktop\coursenidfinal\shenkar_coursebidsystem\coursebid_registrationterminal\debug\technicianmainscreen.obj
c:\users\dell\desktop\coursenidfinal\shenkar_coursebidsystem\coursebid_registrationterminal\debug\technitianassignitionresultsscreen.obj
c:\users\dell\desktop\coursenidfinal\shenkar_coursebidsystem\coursebid_registrationterminal\debug\terminal.obj
c:\users\dell\desktop\coursenidfinal\shenkar_coursebidsystem\coursebid_registrationterminal\debug\userloginscreen.obj
c:\users\dell\desktop\coursenidfinal\shenkar_coursebidsystem\coursebid_registrationterminal\debug\assignmentcalculator.obj
c:\users\dell\desktop\coursenidfinal\shenkar_coursebidsystem\coursebid_registrationterminal\debug\circledetection.obj
c:\users\dell\desktop\coursenidfinal\shenkar_coursebidsystem\coursebid_registrationterminal\debug\course.obj
c:\users\dell\desktop\coursenidfinal\shenkar_coursebidsystem\coursebid_registrationterminal\debug\courseeventlog.obj
c:\users\dell\desktop\coursenidfinal\shenkar_coursebidsystem\debug\coursebid_registrationterminal.ilk
c:\users\dell\desktop\coursenidfinal\shenkar_coursebidsystem\debug\coursebid_registrationterminal.exe
c:\users\dell\desktop\coursenidfinal\shenkar_coursebidsystem\debug\coursebid_registrationterminal.pdb
c:\users\moshe_000\desktop\coursebidfinal\coursenidfinal\shenkar_coursebidsystem\coursebid_registrationterminal\debug\assignmentcalculator.obj
c:\users\moshe_000\desktop\coursebidfinal\coursenidfinal\shenkar_coursebidsystem\coursebid_registrationterminal\debug\circledetection.obj
c:\users\moshe_000\desktop\coursebidfinal\coursenidfinal\shenkar_coursebidsystem\coursebid_registrationterminal\debug\course.obj
c:\users\moshe_000\desktop\coursebidfinal\coursenidfinal\shenkar_coursebidsystem\coursebid_registrationterminal\debug\courseeventlog.obj
c:\users\moshe_000\desktop\coursebidfinal\coursenidfinal\shenkar_coursebidsystem\coursebid_registrationterminal\debug\dbeventlog.obj
c:\users\moshe_000\desktop\coursebidfinal\coursenidfinal\shenkar_coursebidsystem\coursebid_registrationterminal\debug\eventlog.obj
c:\users\moshe_000\desktop\coursebidfinal\coursenidfinal\shenkar_coursebidsystem\coursebid_registrationterminal\debug\filestorage.obj
c:\users\moshe_000\desktop\coursebidfinal\coursenidfinal\shenkar_coursebidsystem\coursebid_registrationterminal\debug\insertassignitionfilescreen.obj
c:\users\moshe_000\desktop\coursebidfinal\coursenidfinal\shenkar_coursebidsystem\coursebid_registrationterminal\debug\lockscreen.obj
c:\users\moshe_000\desktop\coursebidfinal\coursenidfinal\shenkar_coursebidsystem\coursebid_registrationterminal\debug\main_regterminal.obj
c:\users\moshe_000\desktop\coursebidfinal\coursenidfinal\shenkar_coursebidsystem\coursebid_registrationterminal\debug\pointdistributionscreen.obj
c:\users\moshe_000\desktop\coursebidfinal\coursenidfinal\shenkar_coursebidsystem\coursebid_registrationterminal\debug\registrationstartdate.obj
c:\users\moshe_000\desktop\coursebidfinal\coursenidfinal\shenkar_coursebidsystem\coursebid_registrationterminal\debug\registrationterminal.obj
c:\users\moshe_000\desktop\coursebidfinal\coursenidfinal\shenkar_coursebidsystem\coursebid_registrationterminal\debug\student.obj
c:\users\moshe_000\desktop\coursebidfinal\coursenidfinal\shenkar_coursebidsystem\coursebid_registrationterminal\debug\studenteventlog.obj
c:\users\moshe_000\desktop\coursebidfinal\coursenidfinal\shenkar_coursebidsystem\coursebid_registrationterminal\debug\studentmainscreen.obj
c:\users\moshe_000\desktop\coursebidfinal\coursenidfinal\shenkar_coursebidsystem\coursebid_registrationterminal\debug\systemtime.obj
c:\users\moshe_000\desktop\coursebidfinal\coursenidfinal\shenkar_coursebidsystem\coursebid_registrationterminal\debug\technician.obj
c:\users\moshe_000\desktop\coursebidfinal\coursenidfinal\shenkar_coursebidsystem\coursebid_registrationterminal\debug\technicianmainscreen.obj
c:\users\moshe_000\desktop\coursebidfinal\coursenidfinal\shenkar_coursebidsystem\coursebid_registrationterminal\debug\technitianassignitionresultsscreen.obj
c:\users\moshe_000\desktop\coursebidfinal\coursenidfinal\shenkar_coursebidsystem\coursebid_registrationterminal\debug\terminal.obj
c:\users\moshe_000\desktop\coursebidfinal\coursenidfinal\shenkar_coursebidsystem\coursebid_registrationterminal\debug\terminalobj.obj
c:\users\moshe_000\desktop\coursebidfinal\coursenidfinal\shenkar_coursebidsystem\coursebid_registrationterminal\debug\user.obj
c:\users\moshe_000\desktop\coursebidfinal\coursenidfinal\shenkar_coursebidsystem\coursebid_registrationterminal\debug\userloginscreen.obj
c:\users\moshe_000\desktop\coursebidfinal\coursenidfinal\shenkar_coursebidsystem\coursebid_registrationterminal\debug\vc120.idb
c:\users\moshe_000\desktop\coursebidfinal\coursenidfinal\shenkar_coursebidsystem\coursebid_registrationterminal\debug\vc120.pdb
c:\users\moshe_000\desktop\coursebidfinal\coursenidfinal\shenkar_coursebidsystem\debug\coursebid_registrationterminal.pdb
c:\users\moshe_000\desktop\coursebidfinal\coursenidfinal\shenkar_coursebidsystem\debug\coursebid_registrationterminal.exe
c:\users\moshe_000\desktop\coursebidfinal\coursenidfinal\shenkar_coursebidsystem\debug\coursebid_registrationterminal.ilk
c:\users\moshe_000\desktop\coursebidfinal\coursenidfinal\shenkar_coursebidsystem\coursebid_registrationterminal\debug\coursebi.03cfed1b.tlog\cl.command.1.tlog
c:\users\moshe_000\desktop\coursebidfinal\coursenidfinal\shenkar_coursebidsystem\coursebid_registrationterminal\debug\coursebi.03cfed1b.tlog\cl.read.1.tlog
c:\users\moshe_000\desktop\coursebidfinal\coursenidfinal\shenkar_coursebidsystem\coursebid_registrationterminal\debug\coursebi.03cfed1b.tlog\cl.write.1.tlog
c:\users\moshe_000\desktop\coursebidfinal\coursenidfinal\shenkar_coursebidsystem\coursebid_registrationterminal\debug\coursebi.03cfed1b.tlog\link.command.1.tlog
c:\users\moshe_000\desktop\coursebidfinal\coursenidfinal\shenkar_coursebidsystem\coursebid_registrationterminal\debug\coursebi.03cfed1b.tlog\link.read.1.tlog
c:\users\moshe_000\desktop\coursebidfinal\coursenidfinal\shenkar_coursebidsystem\coursebid_registrationterminal\debug\coursebi.03cfed1b.tlog\link.write.1.tlog
