Build started 19-10-15 01:04:50 AM.
     1>Project "C:\Users\moshe_000\Desktop\34\CourseBid\coursenidFinal\Shenkar_CourseBidSystem\CourseBid_RegistrationTerminal\CourseBid_RegistrationTerminal.vcxproj" on node 2 (Build target(s)).
     1>ClCompile:
         C:\Program Files (x86)\Microsoft Visual Studio 12.0\VC\bin\CL.exe /c /IC:\Users\moshe_000\Desktop\34\CourseBid\coursenidFinal\Shenkar_CourseBidSystem\\CourseBid_Common /IC:\Users\moshe_000\Desktop\34\CourseBid\coursenidFinal\Shenkar_CourseBidSystem\\CourseBid_Storage /IC:\Users\moshe_000\Desktop\34\CourseBid\coursenidFinal\Shenkar_CourseBidSystem\\CourseBid_UI /IC:\Users\moshe_000\Desktop\34\CourseBid\coursenidFinal\Shenkar_CourseBidSystem\\CourseBid_Utils /ZI /nologo /W3 /WX- /sdl /Od /Oy- /D _MBCS /Gm /EHsc /RTC1 /MDd /GS /fp:precise /Zc:wchar_t /Zc:forScope /Fo"Debug\\" /Fd"Debug\vc120.pdb" /Gd /TP /analyze- /errorReport:prompt StudentMainScreen.cpp
         StudentMainScreen.cpp
       Link:
         C:\Program Files (x86)\Microsoft Visual Studio 12.0\VC\bin\link.exe /ERRORREPORT:PROMPT /OUT:"C:\Users\moshe_000\Desktop\34\CourseBid\coursenidFinal\Shenkar_CourseBidSystem\Debug\CourseBid_RegistrationTerminal.exe" /INCREMENTAL /NOLOGO glpk.lib lemon.lib kernel32.lib user32.lib gdi32.lib winspool.lib comdlg32.lib advapi32.lib shell32.lib ole32.lib oleaut32.lib uuid.lib odbc32.lib odbccp32.lib kernel32.lib user32.lib gdi32.lib winspool.lib comdlg32.lib advapi32.lib shell32.lib ole32.lib oleaut32.lib uuid.lib odbc32.lib odbccp32.lib /MANIFEST /MANIFESTUAC:"level='asInvoker' uiAccess='false'" /manifest:embed /DEBUG /PDB:"C:\Users\moshe_000\Desktop\34\CourseBid\coursenidFinal\Shenkar_CourseBidSystem\Debug\CourseBid_RegistrationTerminal.pdb" /TLBID:1 /DYNAMICBASE /NXCOMPAT /IMPLIB:"C:\Users\moshe_000\Desktop\34\CourseBid\coursenidFinal\Shenkar_CourseBidSystem\Debug\CourseBid_RegistrationTerminal.lib" /MACHINE:X86 Debug\AssignmentCalculator.obj
         Debug\CircleDetection.obj
         Debug\Course.obj
         Debug\CourseEventLog.obj
         Debug\RegistrationStartDate.obj
         Debug\Student.obj
         Debug\StudentEventLog.obj
         Debug\SystemTime.obj
         Debug\Technician.obj
         Debug\TerminalObj.obj
         Debug\User.obj
         Debug\DBEventLog.obj
         Debug\FileStorage.obj
         Debug\EventLog.obj
         Debug\InsertAssignitionFileScreen.obj
         Debug\LockScreen.obj
         Debug\main_regTerminal.obj
         Debug\PointDistributionScreen.obj
         Debug\RegistrationTerminal.obj
         Debug\StudentMainScreen.obj
         Debug\TechnicianMainScreen.obj
         Debug\TechnitianAssignitionResultsScreen.obj
         Debug\Terminal.obj
         Debug\UserLoginScreen.obj
         CourseBid_RegistrationTerminal.vcxproj -> C:\Users\moshe_000\Desktop\34\CourseBid\coursenidFinal\Shenkar_CourseBidSystem\Debug\CourseBid_RegistrationTerminal.exe
     1>Done Building Project "C:\Users\moshe_000\Desktop\34\CourseBid\coursenidFinal\Shenkar_CourseBidSystem\CourseBid_RegistrationTerminal\CourseBid_RegistrationTerminal.vcxproj" (Build target(s)).

Build succeeded.

Time Elapsed 00:00:01.78
