Build started 10/18/2015 7:16:31 PM.
     1>Project "C:\Users\gleyz_000\Desktop\coursenidFinal\Shenkar_CourseBidSystem\CourseBid_Utils\CourseBid_Utils.vcxproj" on node 3 (Rebuild target(s)).
     1>ClCompile:
         C:\Program Files (x86)\Microsoft Visual Studio 12.0\VC\bin\CL.exe /c /Zi /nologo /W3 /WX- /sdl /O2 /Oi /Oy- /GL /D _MBCS /Gm- /EHsc /MD /GS /Gy /fp:precise /Zc:wchar_t /Zc:forScope /Fo"Release\\" /Fd"Release\vc120.pdb" /Gd /TP /analyze- /errorReport:prompt EventLog.cpp Lexer.cpp maincpp.cpp Parser.cpp Token.cpp
         EventLog.cpp
         Lexer.cpp
     1>Lexer.cpp(58): warning C4018: '<' : signed/unsigned mismatch
         maincpp.cpp
         Parser.cpp
     1>Parser.cpp(28): warning C4018: '<' : signed/unsigned mismatch
     1>Parser.cpp(144): warning C4018: '<' : signed/unsigned mismatch
     1>Parser.cpp(188): warning C4018: '<' : signed/unsigned mismatch
     1>Parser.cpp(230): warning C4018: '<' : signed/unsigned mismatch
     1>Parser.cpp(249): warning C4018: '<' : signed/unsigned mismatch
     1>Parser.cpp(288): warning C4018: '<' : signed/unsigned mismatch
     1>Parser.cpp(306): warning C4018: '<' : signed/unsigned mismatch
     1>Parser.cpp(332): warning C4018: '<' : signed/unsigned mismatch
     1>Parser.cpp(340): warning C4018: '<' : signed/unsigned mismatch
     1>Parser.cpp(358): warning C4018: '<' : signed/unsigned mismatch
         Token.cpp
       Link:
         C:\Program Files (x86)\Microsoft Visual Studio 12.0\VC\bin\link.exe /ERRORREPORT:PROMPT /OUT:"C:\Users\gleyz_000\Desktop\coursenidFinal\Shenkar_CourseBidSystem\Release\CourseBid_Utils.exe" /NOLOGO kernel32.lib user32.lib gdi32.lib winspool.lib comdlg32.lib advapi32.lib shell32.lib ole32.lib oleaut32.lib uuid.lib odbc32.lib odbccp32.lib /MANIFEST /MANIFESTUAC:"level='asInvoker' uiAccess='false'" /manifest:embed /DEBUG /PDB:"C:\Users\gleyz_000\Desktop\coursenidFinal\Shenkar_CourseBidSystem\Release\CourseBid_Utils.pdb" /OPT:REF /OPT:ICF /LTCG /TLBID:1 /DYNAMICBASE /NXCOMPAT /IMPLIB:"C:\Users\gleyz_000\Desktop\coursenidFinal\Shenkar_CourseBidSystem\Release\CourseBid_Utils.lib" /MACHINE:X86 /SAFESEH Release\EventLog.obj
         Release\Lexer.obj
         Release\maincpp.obj
         Release\Parser.obj
         Release\Token.obj
         Generating code
         Finished generating code
         CourseBid_Utils.vcxproj -> C:\Users\gleyz_000\Desktop\coursenidFinal\Shenkar_CourseBidSystem\Release\CourseBid_Utils.exe
     1>Done Building Project "C:\Users\gleyz_000\Desktop\coursenidFinal\Shenkar_CourseBidSystem\CourseBid_Utils\CourseBid_Utils.vcxproj" (Rebuild target(s)).

Build succeeded.

Time Elapsed 00:00:03.53
