c:\users\gleyz_000\desktop\coursenidfinal\shenkar_coursebidsystem\coursebid_utils\release\vc120.pdb
c:\users\gleyz_000\desktop\coursenidfinal\shenkar_coursebidsystem\coursebid_utils\release\token.nativecodeanalysis.xml
c:\users\gleyz_000\desktop\coursenidfinal\shenkar_coursebidsystem\coursebid_utils\release\parser.nativecodeanalysis.xml
c:\users\gleyz_000\desktop\coursenidfinal\shenkar_coursebidsystem\coursebid_utils\release\maincpp.nativecodeanalysis.xml
c:\users\gleyz_000\desktop\coursenidfinal\shenkar_coursebidsystem\coursebid_utils\release\lexer.nativecodeanalysis.xml
c:\users\gleyz_000\desktop\coursenidfinal\shenkar_coursebidsystem\coursebid_utils\release\eventlog.nativecodeanalysis.xml
c:\users\gleyz_000\desktop\coursenidfinal\shenkar_coursebidsystem\coursebid_utils\release\eventlog.obj
c:\users\gleyz_000\desktop\coursenidfinal\shenkar_coursebidsystem\coursebid_utils\release\lexer.obj
c:\users\gleyz_000\desktop\coursenidfinal\shenkar_coursebidsystem\coursebid_utils\release\maincpp.obj
c:\users\gleyz_000\desktop\coursenidfinal\shenkar_coursebidsystem\coursebid_utils\release\parser.obj
c:\users\gleyz_000\desktop\coursenidfinal\shenkar_coursebidsystem\coursebid_utils\release\token.obj
c:\users\gleyz_000\desktop\coursenidfinal\shenkar_coursebidsystem\release\coursebid_utils.exe
c:\users\gleyz_000\desktop\coursenidfinal\shenkar_coursebidsystem\release\coursebid_utils.pdb
c:\users\gleyz_000\desktop\coursenidfinal\shenkar_coursebidsystem\coursebid_utils\release\nativecodeanalysis.read.1.tlog
c:\users\gleyz_000\desktop\coursenidfinal\shenkar_coursebidsystem\coursebid_utils\release\vc.nativecodeanalysis.all.xml
c:\users\gleyz_000\desktop\coursenidfinal\shenkar_coursebidsystem\release\coursebid_utils.exe.lastcodeanalysissucceeded
c:\users\gleyz_000\desktop\coursenidfinal\shenkar_coursebidsystem\coursebid_utils\release\coursebid_utils.tlog\cl.command.1.tlog
c:\users\gleyz_000\desktop\coursenidfinal\shenkar_coursebidsystem\coursebid_utils\release\coursebid_utils.tlog\cl.read.1.tlog
c:\users\gleyz_000\desktop\coursenidfinal\shenkar_coursebidsystem\coursebid_utils\release\coursebid_utils.tlog\cl.write.1.tlog
c:\users\gleyz_000\desktop\coursenidfinal\shenkar_coursebidsystem\coursebid_utils\release\coursebid_utils.tlog\link.command.1.tlog
c:\users\gleyz_000\desktop\coursenidfinal\shenkar_coursebidsystem\coursebid_utils\release\coursebid_utils.tlog\link.read.1.tlog
c:\users\gleyz_000\desktop\coursenidfinal\shenkar_coursebidsystem\coursebid_utils\release\coursebid_utils.tlog\link.write.1.tlog
