c:\users\dell\desktop\coursenidfinal\shenkar_coursebidsystem\coursebid_utils\debug\vc120.pdb
c:\users\dell\desktop\coursenidfinal\shenkar_coursebidsystem\coursebid_utils\debug\vc120.idb
c:\users\dell\desktop\coursenidfinal\shenkar_coursebidsystem\coursebid_utils\debug\eventlog.obj
c:\users\dell\desktop\coursenidfinal\shenkar_coursebidsystem\coursebid_utils\debug\lexer.obj
c:\users\dell\desktop\coursenidfinal\shenkar_coursebidsystem\coursebid_utils\debug\maincpp.obj
c:\users\dell\desktop\coursenidfinal\shenkar_coursebidsystem\coursebid_utils\debug\parser.obj
c:\users\dell\desktop\coursenidfinal\shenkar_coursebidsystem\coursebid_utils\debug\token.obj
c:\users\dell\desktop\coursenidfinal\shenkar_coursebidsystem\debug\coursebid_utils.ilk
c:\users\dell\desktop\coursenidfinal\shenkar_coursebidsystem\debug\coursebid_utils.exe
c:\users\dell\desktop\coursenidfinal\shenkar_coursebidsystem\debug\coursebid_utils.pdb
c:\users\moshe_000\desktop\coursebidfinal\coursenidfinal\shenkar_coursebidsystem\coursebid_utils\debug\eventlog.obj
c:\users\moshe_000\desktop\coursebidfinal\coursenidfinal\shenkar_coursebidsystem\coursebid_utils\debug\lexer.obj
c:\users\moshe_000\desktop\coursebidfinal\coursenidfinal\shenkar_coursebidsystem\coursebid_utils\debug\maincpp.obj
c:\users\moshe_000\desktop\coursebidfinal\coursenidfinal\shenkar_coursebidsystem\coursebid_utils\debug\parser.obj
c:\users\moshe_000\desktop\coursebidfinal\coursenidfinal\shenkar_coursebidsystem\coursebid_utils\debug\token.obj
c:\users\moshe_000\desktop\coursebidfinal\coursenidfinal\shenkar_coursebidsystem\coursebid_utils\debug\vc120.idb
c:\users\moshe_000\desktop\coursebidfinal\coursenidfinal\shenkar_coursebidsystem\coursebid_utils\debug\vc120.pdb
c:\users\moshe_000\desktop\coursebidfinal\coursenidfinal\shenkar_coursebidsystem\debug\coursebid_utils.pdb
c:\users\moshe_000\desktop\coursebidfinal\coursenidfinal\shenkar_coursebidsystem\debug\coursebid_utils.exe
c:\users\moshe_000\desktop\coursebidfinal\coursenidfinal\shenkar_coursebidsystem\debug\coursebid_utils.ilk
c:\users\moshe_000\desktop\coursebidfinal\coursenidfinal\shenkar_coursebidsystem\coursebid_utils\debug\coursebid_utils.tlog\cl.command.1.tlog
c:\users\moshe_000\desktop\coursebidfinal\coursenidfinal\shenkar_coursebidsystem\coursebid_utils\debug\coursebid_utils.tlog\cl.read.1.tlog
c:\users\moshe_000\desktop\coursebidfinal\coursenidfinal\shenkar_coursebidsystem\coursebid_utils\debug\coursebid_utils.tlog\cl.write.1.tlog
c:\users\moshe_000\desktop\coursebidfinal\coursenidfinal\shenkar_coursebidsystem\coursebid_utils\debug\coursebid_utils.tlog\link.command.1.tlog
c:\users\moshe_000\desktop\coursebidfinal\coursenidfinal\shenkar_coursebidsystem\coursebid_utils\debug\coursebid_utils.tlog\link.read.1.tlog
c:\users\moshe_000\desktop\coursebidfinal\coursenidfinal\shenkar_coursebidsystem\coursebid_utils\debug\coursebid_utils.tlog\link.write.1.tlog
