Build started 10/18/2015 7:19:06 PM.
     1>Project "C:\Users\gleyz_000\Desktop\coursenidFinal\Shenkar_CourseBidSystem\CourseBid_SecretaryTerminal\CourseBid_SecretaryTerminal.vcxproj" on node 2 (Build target(s)).
     1>C:\Program Files (x86)\MSBuild\Microsoft.Cpp\v4.0\V120\Microsoft.CppBuild.targets(935,5): warning MSB8027: Two or more files with the name of maincpp.cpp will produce outputs to the same location. This can lead to an incorrect build result.  The files involved are ..\CourseBid_Utils\maincpp.cpp, maincpp.cpp.
     1>ClCompile:
         C:\Program Files (x86)\Microsoft Visual Studio 12.0\VC\bin\CL.exe /c /Zi /nologo /W3 /WX- /sdl /O2 /Oi /Oy- /GL /D _MBCS /Gm- /EHsc /MD /GS /Gy /fp:precise /Zc:wchar_t /Zc:forScope /Fo"Release\\" /Fd"Release\vc120.pdb" /Gd /TP /analyze- /errorReport:prompt ..\CourseBid_Common\AssignmentCalculator.cpp ..\CourseBid_Common\CircleDetection.cpp ..\CourseBid_Common\Course.cpp ..\CourseBid_Common\CourseEventLog.cpp ..\CourseBid_Common\RegistrationStartDate.cpp ..\CourseBid_Common\Student.cpp ..\CourseBid_Common\StudentEventLog.cpp ..\CourseBid_Common\SystemTime.cpp ..\CourseBid_Common\Technician.cpp ..\CourseBid_Common\TerminalObj.cpp ..\CourseBid_Common\User.cpp ..\CourseBid_RegistrationTerminal\InsertAssignitionFileScreen.cpp ..\CourseBid_RegistrationTerminal\LockScreen.cpp ..\CourseBid_RegistrationTerminal\PointDistributionScreen.cpp ..\CourseBid_RegistrationTerminal\RegistrationTerminal.cpp ..\CourseBid_RegistrationTerminal\StudentMainScreen.cpp ..\CourseBid_RegistrationTerminal\TechnicianMainScreen.cpp ..\CourseBid_RegistrationTerminal\TechnitianAssignitionResultsScreen.cpp ..\CourseBid_RegistrationTerminal\Terminal.cpp ..\CourseBid_RegistrationTerminal\UserLoginScreen.cpp ..\CourseBid_Storage\DBEventLog.cpp ..\CourseBid_Storage\FileStorage.cpp ..\CourseBid_Utils\EventLog.cpp CourseAddNewScreen.cpp CourseAddPrerequisiteScreen.cpp CourseEditScreen.cpp CourseRemovePrerequisiteScreen.cpp LockRegistrationScreen.cpp maincpp.cpp ReleaseTerminalScreen.cpp SecretaryMainScreen.cpp SecretaryTerminal.cpp SetExpressionScreen.cpp SetRegistrationStartDateScreen.cpp StudentAddAssignedCourseScreen.cpp StudentAddCompletedScreen.cpp StudentAddNewScreen.cpp StudentEditScreen.cpp StudentRemoveAssignedCourseScreen.cpp StudentRemoveCompletedScreen.cpp StudentRemoveDesiredCourseScreen.cpp StudentResetPassScreen.cpp StudentUnlockScreen.cpp VerifyDependencies.cpp
         AssignmentCalculator.cpp
     1>c:\users\gleyz_000\desktop\coursenidfinal\shenkar_coursebidsystem\coursebid_common\AssignmentCalculator.h(18): fatal error C1083: Cannot open include file: 'lemon/LP.h': No such file or directory
         CircleDetection.cpp
     1>c:\users\gleyz_000\desktop\coursenidfinal\shenkar_coursebidsystem\coursebid_common\CircleDetection.h(18): fatal error C1083: Cannot open include file: 'lemon\list_graph.h': No such file or directory
         Course.cpp
     1>c:\users\gleyz_000\desktop\coursenidfinal\shenkar_coursebidsystem\coursebid_common\Course.h(19): fatal error C1083: Cannot open include file: 'lemon/list_graph.h': No such file or directory
         CourseEventLog.cpp
     1>..\CourseBid_Common\CourseEventLog.cpp(11): warning C4067: unexpected tokens following preprocessor directive - expected a newline
     1>c:\users\gleyz_000\desktop\coursenidfinal\shenkar_coursebidsystem\coursebid_common\CourseEventLog.h(20): fatal error C1083: Cannot open include file: 'EventLog.h': No such file or directory
         RegistrationStartDate.cpp
     1>c:\users\gleyz_000\desktop\coursenidfinal\shenkar_coursebidsystem\coursebid_common\IdObj.h(19): fatal error C1083: Cannot open include file: 'IStorage.h': No such file or directory
         Student.cpp
     1>c:\users\gleyz_000\desktop\coursenidfinal\shenkar_coursebidsystem\coursebid_common\IdObj.h(19): fatal error C1083: Cannot open include file: 'IStorage.h': No such file or directory
         StudentEventLog.cpp
     1>..\CourseBid_Common\StudentEventLog.cpp(11): warning C4067: unexpected tokens following preprocessor directive - expected a newline
     1>c:\users\gleyz_000\desktop\coursenidfinal\shenkar_coursebidsystem\coursebid_common\StudentEventLog.h(20): fatal error C1083: Cannot open include file: 'EventLog.h': No such file or directory
         SystemTime.cpp
     1>c:\users\gleyz_000\desktop\coursenidfinal\shenkar_coursebidsystem\coursebid_common\IdObj.h(19): fatal error C1083: Cannot open include file: 'IStorage.h': No such file or directory
         Technician.cpp
     1>c:\users\gleyz_000\desktop\coursenidfinal\shenkar_coursebidsystem\coursebid_common\IdObj.h(19): fatal error C1083: Cannot open include file: 'IStorage.h': No such file or directory
         TerminalObj.cpp
     1>c:\users\gleyz_000\desktop\coursenidfinal\shenkar_coursebidsystem\coursebid_common\TerminalObj.h(19): fatal error C1083: Cannot open include file: 'FileStorage.h': No such file or directory
         User.cpp
     1>c:\users\gleyz_000\desktop\coursenidfinal\shenkar_coursebidsystem\coursebid_common\IdObj.h(19): fatal error C1083: Cannot open include file: 'IStorage.h': No such file or directory
         InsertAssignitionFileScreen.cpp
     1>c:\users\gleyz_000\desktop\coursenidfinal\shenkar_coursebidsystem\coursebid_registrationterminal\InsertAssignitionFileScreen.h(20): fatal error C1083: Cannot open include file: 'UIScreen.h': No such file or directory
         LockScreen.cpp
     1>c:\users\gleyz_000\desktop\coursenidfinal\shenkar_coursebidsystem\coursebid_registrationterminal\Terminal.h(12): fatal error C1083: Cannot open include file: 'User.h': No such file or directory
         PointDistributionScreen.cpp
     1>c:\users\gleyz_000\desktop\coursenidfinal\shenkar_coursebidsystem\coursebid_registrationterminal\PointDistributionScreen.h(18): fatal error C1083: Cannot open include file: 'Course.h': No such file or directory
         RegistrationTerminal.cpp
     1>c:\users\gleyz_000\desktop\coursenidfinal\shenkar_coursebidsystem\coursebid_registrationterminal\RegistrationTerminal.h(17): fatal error C1083: Cannot open include file: 'UITerminal.h': No such file or directory
         StudentMainScreen.cpp
     1>c:\users\gleyz_000\desktop\coursenidfinal\shenkar_coursebidsystem\coursebid_registrationterminal\StudentMainScreen.h(18): fatal error C1083: Cannot open include file: 'UIMainScreen.h': No such file or directory
         TechnicianMainScreen.cpp
     1>c:\users\gleyz_000\desktop\coursenidfinal\shenkar_coursebidsystem\coursebid_registrationterminal\TechnicianMainScreen.h(18): fatal error C1083: Cannot open include file: 'UIMainScreen.h': No such file or directory
         TechnitianAssignitionResultsScreen.cpp
     1>c:\users\gleyz_000\desktop\coursenidfinal\shenkar_coursebidsystem\coursebid_registrationterminal\TechnitianAssignitionResultsScreen.h(17): fatal error C1083: Cannot open include file: 'Technician.h': No such file or directory
         Terminal.cpp
     1>c:\users\gleyz_000\desktop\coursenidfinal\shenkar_coursebidsystem\coursebid_registrationterminal\Terminal.h(12): fatal error C1083: Cannot open include file: 'User.h': No such file or directory
         UserLoginScreen.cpp
     1>..\CourseBid_RegistrationTerminal\UserLoginScreen.cpp(12): fatal error C1083: Cannot open include file: 'Course.h': No such file or directory
         Compiling...
         DBEventLog.cpp
     1>c:\users\gleyz_000\desktop\coursenidfinal\shenkar_coursebidsystem\coursebid_storage\DBEventLog.h(20): fatal error C1083: Cannot open include file: 'EventLog.h': No such file or directory
         FileStorage.cpp
     1>c:\users\gleyz_000\desktop\coursenidfinal\shenkar_coursebidsystem\coursebid_storage\DBEventLog.h(20): fatal error C1083: Cannot open include file: 'EventLog.h': No such file or directory
         EventLog.cpp
         CourseAddNewScreen.cpp
     1>c:\users\gleyz_000\desktop\coursenidfinal\shenkar_coursebidsystem\coursebid_secretaryterminal\CourseAddNewScreen.h(17): fatal error C1083: Cannot open include file: 'Course.h': No such file or directory
         CourseAddPrerequisiteScreen.cpp
     1>c:\users\gleyz_000\desktop\coursenidfinal\shenkar_coursebidsystem\coursebid_secretaryterminal\CourseAddPrerequisiteScreen.h(17): fatal error C1083: Cannot open include file: 'UIScreen.h': No such file or directory
         CourseEditScreen.cpp
     1>c:\users\gleyz_000\desktop\coursenidfinal\shenkar_coursebidsystem\coursebid_secretaryterminal\CourseEditScreen.h(17): fatal error C1083: Cannot open include file: 'UIEditScreen.h': No such file or directory
         CourseRemovePrerequisiteScreen.cpp
     1>c:\users\gleyz_000\desktop\coursenidfinal\shenkar_coursebidsystem\coursebid_secretaryterminal\CourseRemovePrerequisiteScreen.h(17): fatal error C1083: Cannot open include file: 'UIScreen.h': No such file or directory
         LockRegistrationScreen.cpp
     1>c:\users\gleyz_000\desktop\coursenidfinal\shenkar_coursebidsystem\coursebid_secretaryterminal\LockRegistrationScreen.h(8): fatal error C1083: Cannot open include file: 'UIMainScreen.h': No such file or directory
         maincpp.cpp
     1>maincpp.cpp(20): fatal error C1083: Cannot open include file: 'Course.h': No such file or directory
         ReleaseTerminalScreen.cpp
     1>c:\users\gleyz_000\desktop\coursenidfinal\shenkar_coursebidsystem\coursebid_secretaryterminal\ReleaseTerminalScreen.h(17): fatal error C1083: Cannot open include file: 'UIScreen.h': No such file or directory
         SecretaryMainScreen.cpp
     1>c:\users\gleyz_000\desktop\coursenidfinal\shenkar_coursebidsystem\coursebid_secretaryterminal\SecretaryMainScreen.h(18): fatal error C1083: Cannot open include file: 'UIMainScreen.h': No such file or directory
         SecretaryTerminal.cpp
     1>c:\users\gleyz_000\desktop\coursenidfinal\shenkar_coursebidsystem\coursebid_secretaryterminal\SecretaryTerminal.h(20): fatal error C1083: Cannot open include file: 'UITerminal.h': No such file or directory
         SetExpressionScreen.cpp
     1>c:\users\gleyz_000\desktop\coursenidfinal\shenkar_coursebidsystem\coursebid_secretaryterminal\SetExpressionScreen.h(17): fatal error C1083: Cannot open include file: 'UIScreen.h': No such file or directory
         SetRegistrationStartDateScreen.cpp
     1>c:\users\gleyz_000\desktop\coursenidfinal\shenkar_coursebidsystem\coursebid_secretaryterminal\SetRegistrationStartDateScreen.h(17): fatal error C1083: Cannot open include file: 'UIScreen.h': No such file or directory
         StudentAddAssignedCourseScreen.cpp
     1>c:\users\gleyz_000\desktop\coursenidfinal\shenkar_coursebidsystem\coursebid_secretaryterminal\StudentAddAssignedCourseScreen.h(17): fatal error C1083: Cannot open include file: 'UIScreen.h': No such file or directory
         StudentAddCompletedScreen.cpp
     1>c:\users\gleyz_000\desktop\coursenidfinal\shenkar_coursebidsystem\coursebid_secretaryterminal\StudentAddCompletedScreen.h(17): fatal error C1083: Cannot open include file: 'UIScreen.h': No such file or directory
         StudentAddNewScreen.cpp
     1>c:\users\gleyz_000\desktop\coursenidfinal\shenkar_coursebidsystem\coursebid_secretaryterminal\StudentAddNewScreen.h(17): fatal error C1083: Cannot open include file: 'Student.h': No such file or directory
         StudentEditScreen.cpp
     1>c:\users\gleyz_000\desktop\coursenidfinal\shenkar_coursebidsystem\coursebid_secretaryterminal\StudentEditScreen.h(17): fatal error C1083: Cannot open include file: 'UIEditScreen.h': No such file or directory
         StudentRemoveAssignedCourseScreen.cpp
     1>c:\users\gleyz_000\desktop\coursenidfinal\shenkar_coursebidsystem\coursebid_secretaryterminal\StudentRemoveAssignedCourseScreen.h(17): fatal error C1083: Cannot open include file: 'UIScreen.h': No such file or directory
         StudentRemoveCompletedScreen.cpp
     1>c:\users\gleyz_000\desktop\coursenidfinal\shenkar_coursebidsystem\coursebid_secretaryterminal\StudentRemoveCompletedScreen.h(17): fatal error C1083: Cannot open include file: 'UIScreen.h': No such file or directory
         Compiling...
         StudentRemoveDesiredCourseScreen.cpp
     1>c:\users\gleyz_000\desktop\coursenidfinal\shenkar_coursebidsystem\coursebid_secretaryterminal\StudentRemoveDesiredCourseScreen.h(16): fatal error C1083: Cannot open include file: 'UIScreen.h': No such file or directory
         StudentResetPassScreen.cpp
     1>c:\users\gleyz_000\desktop\coursenidfinal\shenkar_coursebidsystem\coursebid_secretaryterminal\StudentResetPassScreen.h(17): fatal error C1083: Cannot open include file: 'UIScreen.h': No such file or directory
         StudentUnlockScreen.cpp
     1>c:\users\gleyz_000\desktop\coursenidfinal\shenkar_coursebidsystem\coursebid_secretaryterminal\StudentUnlockScreen.h(17): fatal error C1083: Cannot open include file: 'UIScreen.h': No such file or directory
         VerifyDependencies.cpp
     1>c:\users\gleyz_000\desktop\coursenidfinal\shenkar_coursebidsystem\coursebid_secretaryterminal\VerifyDependencies.h(17): fatal error C1083: Cannot open include file: 'Course.h': No such file or directory
     1>Done Building Project "C:\Users\gleyz_000\Desktop\coursenidFinal\Shenkar_CourseBidSystem\CourseBid_SecretaryTerminal\CourseBid_SecretaryTerminal.vcxproj" (Build target(s)) -- FAILED.

Build FAILED.

Time Elapsed 00:00:08.32
