c:\users\dell\desktop\coursenidfinal\shenkar_coursebidsystem\coursebid_storage\debug\vc120.pdb
c:\users\dell\desktop\coursenidfinal\shenkar_coursebidsystem\coursebid_storage\debug\vc120.idb
c:\users\dell\desktop\coursenidfinal\shenkar_coursebidsystem\coursebid_storage\debug\dbeventlog.obj
c:\users\dell\desktop\coursenidfinal\shenkar_coursebidsystem\coursebid_storage\debug\filestorage.obj
c:\users\dell\desktop\coursenidfinal\shenkar_coursebidsystem\coursebid_storage\debug\main_storage.obj
c:\users\dell\desktop\coursenidfinal\shenkar_coursebidsystem\debug\coursebid_storage.ilk
c:\users\dell\desktop\coursenidfinal\shenkar_coursebidsystem\debug\coursebid_storage.exe
c:\users\dell\desktop\coursenidfinal\shenkar_coursebidsystem\debug\coursebid_storage.pdb
c:\users\moshe_000\desktop\coursebidfinal\coursenidfinal\shenkar_coursebidsystem\coursebid_storage\debug\dbeventlog.obj
c:\users\moshe_000\desktop\coursebidfinal\coursenidfinal\shenkar_coursebidsystem\coursebid_storage\debug\filestorage.obj
c:\users\moshe_000\desktop\coursebidfinal\coursenidfinal\shenkar_coursebidsystem\coursebid_storage\debug\main_storage.obj
c:\users\moshe_000\desktop\coursebidfinal\coursenidfinal\shenkar_coursebidsystem\coursebid_storage\debug\vc120.idb
c:\users\moshe_000\desktop\coursebidfinal\coursenidfinal\shenkar_coursebidsystem\coursebid_storage\debug\vc120.pdb
c:\users\moshe_000\desktop\coursebidfinal\coursenidfinal\shenkar_coursebidsystem\debug\coursebid_storage.pdb
c:\users\moshe_000\desktop\coursebidfinal\coursenidfinal\shenkar_coursebidsystem\debug\coursebid_storage.exe
c:\users\moshe_000\desktop\coursebidfinal\coursenidfinal\shenkar_coursebidsystem\debug\coursebid_storage.ilk
c:\users\moshe_000\desktop\coursebidfinal\coursenidfinal\shenkar_coursebidsystem\coursebid_storage\debug\coursebi.67c96afb.tlog\cl.command.1.tlog
c:\users\moshe_000\desktop\coursebidfinal\coursenidfinal\shenkar_coursebidsystem\coursebid_storage\debug\coursebi.67c96afb.tlog\cl.read.1.tlog
c:\users\moshe_000\desktop\coursebidfinal\coursenidfinal\shenkar_coursebidsystem\coursebid_storage\debug\coursebi.67c96afb.tlog\cl.write.1.tlog
c:\users\moshe_000\desktop\coursebidfinal\coursenidfinal\shenkar_coursebidsystem\coursebid_storage\debug\coursebi.67c96afb.tlog\link.command.1.tlog
c:\users\moshe_000\desktop\coursebidfinal\coursenidfinal\shenkar_coursebidsystem\coursebid_storage\debug\coursebi.67c96afb.tlog\link.read.1.tlog
c:\users\moshe_000\desktop\coursebidfinal\coursenidfinal\shenkar_coursebidsystem\coursebid_storage\debug\coursebi.67c96afb.tlog\link.write.1.tlog
