c:\users\dell\desktop\coursenidfinal\shenkar_coursebidsystem\coursebid_common\debug\vc120.pdb
c:\users\dell\desktop\coursenidfinal\shenkar_coursebidsystem\coursebid_common\debug\vc120.idb
c:\users\dell\desktop\coursenidfinal\shenkar_coursebidsystem\coursebid_common\debug\dbeventlog.obj
c:\users\dell\desktop\coursenidfinal\shenkar_coursebidsystem\coursebid_common\debug\filestorage.obj
c:\users\dell\desktop\coursenidfinal\shenkar_coursebidsystem\coursebid_common\debug\eventlog.obj
c:\users\dell\desktop\coursenidfinal\shenkar_coursebidsystem\coursebid_common\debug\assignitionresultscoursescreen.obj
c:\users\dell\desktop\coursenidfinal\shenkar_coursebidsystem\coursebid_common\debug\assignitionresultscreen.obj
c:\users\dell\desktop\coursenidfinal\shenkar_coursebidsystem\coursebid_common\debug\assignitionresultsstudentscreen.obj
c:\users\dell\desktop\coursenidfinal\shenkar_coursebidsystem\coursebid_common\debug\circledetection.obj
c:\users\dell\desktop\coursenidfinal\shenkar_coursebidsystem\coursebid_common\debug\course.obj
c:\users\dell\desktop\coursenidfinal\shenkar_coursebidsystem\coursebid_common\debug\coursedatascreen.obj
c:\users\dell\desktop\coursenidfinal\shenkar_coursebidsystem\coursebid_common\debug\courseeventlog.obj
c:\users\dell\desktop\coursenidfinal\shenkar_coursebidsystem\coursebid_common\debug\formula.obj
c:\users\dell\desktop\coursenidfinal\shenkar_coursebidsystem\coursebid_common\debug\maincpp_common.obj
c:\users\dell\desktop\coursenidfinal\shenkar_coursebidsystem\coursebid_common\debug\registrationstartdate.obj
c:\users\dell\desktop\coursenidfinal\shenkar_coursebidsystem\coursebid_common\debug\assignmentcalculator.obj
c:\users\dell\desktop\coursenidfinal\shenkar_coursebidsystem\coursebid_common\debug\student.obj
c:\users\dell\desktop\coursenidfinal\shenkar_coursebidsystem\coursebid_common\debug\studenteventlog.obj
c:\users\dell\desktop\coursenidfinal\shenkar_coursebidsystem\coursebid_common\debug\systemtime.obj
c:\users\dell\desktop\coursenidfinal\shenkar_coursebidsystem\coursebid_common\debug\technician.obj
c:\users\dell\desktop\coursenidfinal\shenkar_coursebidsystem\coursebid_common\debug\terminalobj.obj
c:\users\dell\desktop\coursenidfinal\shenkar_coursebidsystem\coursebid_common\debug\user.obj
c:\users\dell\desktop\coursenidfinal\shenkar_coursebidsystem\debug\coursebid_common.ilk
c:\users\dell\desktop\coursenidfinal\shenkar_coursebidsystem\debug\coursebid_common.exe
c:\users\dell\desktop\coursenidfinal\shenkar_coursebidsystem\debug\coursebid_common.pdb
c:\users\moshe_000\desktop\coursebidfinal\coursenidfinal\shenkar_coursebidsystem\coursebid_common\debug\assignitionresultscoursescreen.obj
c:\users\moshe_000\desktop\coursebidfinal\coursenidfinal\shenkar_coursebidsystem\coursebid_common\debug\assignitionresultscreen.obj
c:\users\moshe_000\desktop\coursebidfinal\coursenidfinal\shenkar_coursebidsystem\coursebid_common\debug\assignitionresultsstudentscreen.obj
c:\users\moshe_000\desktop\coursebidfinal\coursenidfinal\shenkar_coursebidsystem\coursebid_common\debug\assignmentcalculator.obj
c:\users\moshe_000\desktop\coursebidfinal\coursenidfinal\shenkar_coursebidsystem\coursebid_common\debug\circledetection.obj
c:\users\moshe_000\desktop\coursebidfinal\coursenidfinal\shenkar_coursebidsystem\coursebid_common\debug\course.obj
c:\users\moshe_000\desktop\coursebidfinal\coursenidfinal\shenkar_coursebidsystem\coursebid_common\debug\coursedatascreen.obj
c:\users\moshe_000\desktop\coursebidfinal\coursenidfinal\shenkar_coursebidsystem\coursebid_common\debug\courseeventlog.obj
c:\users\moshe_000\desktop\coursebidfinal\coursenidfinal\shenkar_coursebidsystem\coursebid_common\debug\dbeventlog.obj
c:\users\moshe_000\desktop\coursebidfinal\coursenidfinal\shenkar_coursebidsystem\coursebid_common\debug\eventlog.obj
c:\users\moshe_000\desktop\coursebidfinal\coursenidfinal\shenkar_coursebidsystem\coursebid_common\debug\filestorage.obj
c:\users\moshe_000\desktop\coursebidfinal\coursenidfinal\shenkar_coursebidsystem\coursebid_common\debug\formula.obj
c:\users\moshe_000\desktop\coursebidfinal\coursenidfinal\shenkar_coursebidsystem\coursebid_common\debug\maincpp_common.obj
c:\users\moshe_000\desktop\coursebidfinal\coursenidfinal\shenkar_coursebidsystem\coursebid_common\debug\registrationstartdate.obj
c:\users\moshe_000\desktop\coursebidfinal\coursenidfinal\shenkar_coursebidsystem\coursebid_common\debug\student.obj
c:\users\moshe_000\desktop\coursebidfinal\coursenidfinal\shenkar_coursebidsystem\coursebid_common\debug\studenteventlog.obj
c:\users\moshe_000\desktop\coursebidfinal\coursenidfinal\shenkar_coursebidsystem\coursebid_common\debug\systemtime.obj
c:\users\moshe_000\desktop\coursebidfinal\coursenidfinal\shenkar_coursebidsystem\coursebid_common\debug\technician.obj
c:\users\moshe_000\desktop\coursebidfinal\coursenidfinal\shenkar_coursebidsystem\coursebid_common\debug\terminalobj.obj
c:\users\moshe_000\desktop\coursebidfinal\coursenidfinal\shenkar_coursebidsystem\coursebid_common\debug\user.obj
c:\users\moshe_000\desktop\coursebidfinal\coursenidfinal\shenkar_coursebidsystem\coursebid_common\debug\vc120.idb
c:\users\moshe_000\desktop\coursebidfinal\coursenidfinal\shenkar_coursebidsystem\coursebid_common\debug\vc120.pdb
c:\users\moshe_000\desktop\coursebidfinal\coursenidfinal\shenkar_coursebidsystem\debug\coursebid_common.pdb
c:\users\moshe_000\desktop\coursebidfinal\coursenidfinal\shenkar_coursebidsystem\debug\coursebid_common.exe
c:\users\moshe_000\desktop\coursebidfinal\coursenidfinal\shenkar_coursebidsystem\debug\coursebid_common.ilk
c:\users\moshe_000\desktop\coursebidfinal\coursenidfinal\shenkar_coursebidsystem\coursebid_common\debug\coursebid_common.tlog\cl.command.1.tlog
c:\users\moshe_000\desktop\coursebidfinal\coursenidfinal\shenkar_coursebidsystem\coursebid_common\debug\coursebid_common.tlog\cl.read.1.tlog
c:\users\moshe_000\desktop\coursebidfinal\coursenidfinal\shenkar_coursebidsystem\coursebid_common\debug\coursebid_common.tlog\cl.write.1.tlog
c:\users\moshe_000\desktop\coursebidfinal\coursenidfinal\shenkar_coursebidsystem\coursebid_common\debug\coursebid_common.tlog\link.command.1.tlog
c:\users\moshe_000\desktop\coursebidfinal\coursenidfinal\shenkar_coursebidsystem\coursebid_common\debug\coursebid_common.tlog\link.read.1.tlog
c:\users\moshe_000\desktop\coursebidfinal\coursenidfinal\shenkar_coursebidsystem\coursebid_common\debug\coursebid_common.tlog\link.write.1.tlog
