Build started 19-10-15 12:39:39 AM.
     1>Project "C:\Users\moshe_000\Desktop\34\CourseBid\coursenidFinal\Shenkar_CourseBidSystem\CourseBid_Common\CourseBid_Common.vcxproj" on node 3 (Build target(s)).
     1>ClCompile:
         C:\Program Files (x86)\Microsoft Visual Studio 12.0\VC\bin\CL.exe /c /IC:\Users\moshe_000\Desktop\34\CourseBid\coursenidFinal\Shenkar_CourseBidSystem\\CourseBid_Storage /IC:\Users\moshe_000\Desktop\34\CourseBid\coursenidFinal\Shenkar_CourseBidSystem\\CourseBid_UI /IC:\Users\moshe_000\Desktop\34\CourseBid\coursenidFinal\Shenkar_CourseBidSystem\\CourseBid_SecretaryTerminal /IC:\Users\moshe_000\Desktop\34\CourseBid\coursenidFinal\Shenkar_CourseBidSystem\\CourseBid_Utils /ZI /nologo /W3 /WX- /sdl /Od /Oy- /D _MBCS /Gm /EHsc /RTC1 /MDd /GS /fp:precise /Zc:wchar_t /Zc:forScope /Fo"Debug\\" /Fd"Debug\vc120.pdb" /Gd /TP /analyze- /errorReport:prompt ..\CourseBid_Storage\DBEventLog.cpp ..\CourseBid_Storage\FileStorage.cpp ..\CourseBid_Utils\EventLog.cpp AssignitionResultsCourseScreen.cpp AssignitionResultScreen.cpp AssignitionResultsStudentScreen.cpp CircleDetection.cpp Course.cpp CourseDataScreen.cpp CourseEventLog.cpp Formula.cpp maincpp_Common.cpp RegistrationStartDate.cpp AssignmentCalculator.cpp Student.cpp StudentEventLog.cpp SystemTime.cpp Technician.cpp TerminalObj.cpp User.cpp
         User.cpp
         TerminalObj.cpp
         Technician.cpp
     1>c:\users\moshe_000\desktop\34\coursebid\coursenidfinal\shenkar_coursebidsystem\coursebid_common\technician.cpp(29): warning C4800: 'long' : forcing value to bool 'true' or 'false' (performance warning)
         SystemTime.cpp
         StudentEventLog.cpp
     1>c:\users\moshe_000\desktop\34\coursebid\coursenidfinal\shenkar_coursebidsystem\coursebid_common\studenteventlog.cpp(11): warning C4067: unexpected tokens following preprocessor directive - expected a newline
         Student.cpp
     1>c:\users\moshe_000\desktop\34\coursebid\coursenidfinal\shenkar_coursebidsystem\coursebid_common\student.cpp(268): warning C4018: '<' : signed/unsigned mismatch
     1>c:\users\moshe_000\desktop\34\coursebid\coursenidfinal\shenkar_coursebidsystem\coursebid_common\student.cpp(279): warning C4101: 'e' : unreferenced local variable
     1>c:\users\moshe_000\desktop\34\coursebid\coursenidfinal\shenkar_coursebidsystem\coursebid_common\student.cpp(299): warning C4018: '<' : signed/unsigned mismatch
     1>c:\users\moshe_000\desktop\34\coursebid\coursenidfinal\shenkar_coursebidsystem\coursebid_common\student.cpp(310): warning C4101: 'e' : unreferenced local variable
     1>c:\users\moshe_000\desktop\34\coursebid\coursenidfinal\shenkar_coursebidsystem\coursebid_common\student.cpp(330): warning C4018: '<' : signed/unsigned mismatch
     1>c:\users\moshe_000\desktop\34\coursebid\coursenidfinal\shenkar_coursebidsystem\coursebid_common\student.cpp(341): warning C4101: 'e' : unreferenced local variable
     1>c:\users\moshe_000\desktop\34\coursebid\coursenidfinal\shenkar_coursebidsystem\coursebid_common\student.cpp(361): warning C4018: '<' : signed/unsigned mismatch
     1>c:\users\moshe_000\desktop\34\coursebid\coursenidfinal\shenkar_coursebidsystem\coursebid_common\student.cpp(373): warning C4101: 'e' : unreferenced local variable
     1>c:\users\moshe_000\desktop\34\coursebid\coursenidfinal\shenkar_coursebidsystem\coursebid_common\student.cpp(393): warning C4018: '<' : signed/unsigned mismatch
     1>c:\users\moshe_000\desktop\34\coursebid\coursenidfinal\shenkar_coursebidsystem\coursebid_common\student.cpp(404): warning C4101: 'e' : unreferenced local variable
     1>c:\users\moshe_000\desktop\34\coursebid\coursenidfinal\shenkar_coursebidsystem\coursebid_common\student.cpp(424): warning C4018: '<' : signed/unsigned mismatch
     1>c:\users\moshe_000\desktop\34\coursebid\coursenidfinal\shenkar_coursebidsystem\coursebid_common\student.cpp(435): warning C4101: 'e' : unreferenced local variable
     1>c:\users\moshe_000\desktop\34\coursebid\coursenidfinal\shenkar_coursebidsystem\coursebid_common\student.cpp(479): warning C4018: '<' : signed/unsigned mismatch
         AssignmentCalculator.cpp
     1>c:\users\moshe_000\desktop\34\coursebid\coursenidfinal\shenkar_coursebidsystem\coursebid_common\assignmentcalculator.cpp(34): warning C4018: '<' : signed/unsigned mismatch
     1>c:\users\moshe_000\desktop\34\coursebid\coursenidfinal\shenkar_coursebidsystem\coursebid_common\assignmentcalculator.cpp(42): warning C4018: '<' : signed/unsigned mismatch
     1>c:\users\moshe_000\desktop\34\coursebid\coursenidfinal\shenkar_coursebidsystem\coursebid_common\assignmentcalculator.cpp(43): warning C4018: '<' : signed/unsigned mismatch
     1>c:\users\moshe_000\desktop\34\coursebid\coursenidfinal\shenkar_coursebidsystem\coursebid_common\assignmentcalculator.cpp(56): warning C4018: '<' : signed/unsigned mismatch
     1>c:\users\moshe_000\desktop\34\coursebid\coursenidfinal\shenkar_coursebidsystem\coursebid_common\assignmentcalculator.cpp(60): warning C4018: '<' : signed/unsigned mismatch
     1>c:\users\moshe_000\desktop\34\coursebid\coursenidfinal\shenkar_coursebidsystem\coursebid_common\assignmentcalculator.cpp(68): warning C4018: '<' : signed/unsigned mismatch
     1>c:\users\moshe_000\desktop\34\coursebid\coursenidfinal\shenkar_coursebidsystem\coursebid_common\assignmentcalculator.cpp(69): warning C4018: '<' : signed/unsigned mismatch
     1>c:\users\moshe_000\desktop\34\coursebid\coursenidfinal\shenkar_coursebidsystem\coursebid_common\assignmentcalculator.cpp(77): warning C4018: '<' : signed/unsigned mismatch
     1>c:\users\moshe_000\desktop\34\coursebid\coursenidfinal\shenkar_coursebidsystem\coursebid_common\assignmentcalculator.cpp(118): warning C4018: '<' : signed/unsigned mismatch
     1>c:\users\moshe_000\desktop\34\coursebid\coursenidfinal\shenkar_coursebidsystem\coursebid_common\assignmentcalculator.cpp(153): warning C4018: '<' : signed/unsigned mismatch
     1>c:\users\moshe_000\desktop\34\coursebid\coursenidfinal\shenkar_coursebidsystem\coursebid_common\assignmentcalculator.cpp(187): warning C4018: '<' : signed/unsigned mismatch
         RegistrationStartDate.cpp
         maincpp_Common.cpp
         Formula.cpp
         CourseEventLog.cpp
     1>c:\users\moshe_000\desktop\34\coursebid\coursenidfinal\shenkar_coursebidsystem\coursebid_common\courseeventlog.cpp(11): warning C4067: unexpected tokens following preprocessor directive - expected a newline
         CourseDataScreen.cpp
         Course.cpp
         CircleDetection.cpp
     1>c:\users\moshe_000\desktop\34\coursebid\coursenidfinal\shenkar_coursebidsystem\coursebid_common\circledetection.cpp(29): warning C4101: 'line_counter' : unreferenced local variable
     1>c:\users\moshe_000\desktop\34\coursebid\coursenidfinal\shenkar_coursebidsystem\coursebid_common\circledetection.cpp(21): warning C4101: 'result' : unreferenced local variable
         AssignitionResultsStudentScreen.cpp
         AssignitionResultScreen.cpp
         AssignitionResultsCourseScreen.cpp
         EventLog.cpp
         FileStorage.cpp
         DBEventLog.cpp
         Generating Code...
       Link:
         C:\Program Files (x86)\Microsoft Visual Studio 12.0\VC\bin\link.exe /ERRORREPORT:PROMPT /OUT:"C:\Users\moshe_000\Desktop\34\CourseBid\coursenidFinal\Shenkar_CourseBidSystem\Debug\CourseBid_Common.exe" /INCREMENTAL /NOLOGO glpk.lib lemon.lib kernel32.lib user32.lib gdi32.lib winspool.lib comdlg32.lib advapi32.lib shell32.lib ole32.lib oleaut32.lib uuid.lib odbc32.lib odbccp32.lib kernel32.lib user32.lib gdi32.lib winspool.lib comdlg32.lib advapi32.lib shell32.lib ole32.lib oleaut32.lib uuid.lib odbc32.lib odbccp32.lib /MANIFEST /MANIFESTUAC:"level='asInvoker' uiAccess='false'" /manifest:embed /DEBUG /PDB:"C:\Users\moshe_000\Desktop\34\CourseBid\coursenidFinal\Shenkar_CourseBidSystem\Debug\CourseBid_Common.pdb" /TLBID:1 /DYNAMICBASE /NXCOMPAT /IMPLIB:"C:\Users\moshe_000\Desktop\34\CourseBid\coursenidFinal\Shenkar_CourseBidSystem\Debug\CourseBid_Common.lib" /MACHINE:X86 Debug\DBEventLog.obj
         Debug\FileStorage.obj
         Debug\EventLog.obj
         Debug\AssignitionResultsCourseScreen.obj
         Debug\AssignitionResultScreen.obj
         Debug\AssignitionResultsStudentScreen.obj
         Debug\CircleDetection.obj
         Debug\Course.obj
         Debug\CourseDataScreen.obj
         Debug\CourseEventLog.obj
         Debug\Formula.obj
         Debug\maincpp_Common.obj
         Debug\RegistrationStartDate.obj
         Debug\AssignmentCalculator.obj
         Debug\Student.obj
         Debug\StudentEventLog.obj
         Debug\SystemTime.obj
         Debug\Technician.obj
         Debug\TerminalObj.obj
         Debug\User.obj
     1>lemon.lib(base.obj) : warning LNK4099: PDB 'vc120.pdb' was not found with 'lemon.lib(base.obj)' or at 'C:\Users\moshe_000\Desktop\34\CourseBid\coursenidFinal\Shenkar_CourseBidSystem\Debug\vc120.pdb'; linking object as if no debug info
     1>lemon.lib(lp_base.obj) : warning LNK4099: PDB 'vc120.pdb' was not found with 'lemon.lib(lp_base.obj)' or at 'C:\Users\moshe_000\Desktop\34\CourseBid\coursenidFinal\Shenkar_CourseBidSystem\Debug\vc120.pdb'; linking object as if no debug info
     1>lemon.lib(windows.obj) : warning LNK4099: PDB 'vc120.pdb' was not found with 'lemon.lib(windows.obj)' or at 'C:\Users\moshe_000\Desktop\34\CourseBid\coursenidFinal\Shenkar_CourseBidSystem\Debug\vc120.pdb'; linking object as if no debug info
     1>lemon.lib(glpk.obj) : warning LNK4099: PDB 'vc120.pdb' was not found with 'lemon.lib(glpk.obj)' or at 'C:\Users\moshe_000\Desktop\34\CourseBid\coursenidFinal\Shenkar_CourseBidSystem\Debug\vc120.pdb'; linking object as if no debug info
         CourseBid_Common.vcxproj -> C:\Users\moshe_000\Desktop\34\CourseBid\coursenidFinal\Shenkar_CourseBidSystem\Debug\CourseBid_Common.exe
     1>Done Building Project "C:\Users\moshe_000\Desktop\34\CourseBid\coursenidFinal\Shenkar_CourseBidSystem\CourseBid_Common\CourseBid_Common.vcxproj" (Build target(s)).

Build succeeded.

Time Elapsed 00:00:14.86
