Build started 10/18/2015 7:19:01 PM.
     1>Project "C:\Users\gleyz_000\Desktop\coursenidFinal\Shenkar_CourseBidSystem\CourseBid_RegistrationTerminal\CourseBid_RegistrationTerminal.vcxproj" on node 2 (Build target(s)).
     1>ClCompile:
         C:\Program Files (x86)\Microsoft Visual Studio 12.0\VC\bin\CL.exe /c /Zi /nologo /W3 /WX- /sdl /O2 /Oi /Oy- /GL /D _MBCS /Gm- /EHsc /MD /GS /Gy /fp:precise /Zc:wchar_t /Zc:forScope /Fo"Release\\" /Fd"Release\vc120.pdb" /Gd /TP /analyze- /errorReport:prompt ..\CourseBid_Common\AssignmentCalculator.cpp ..\CourseBid_Common\CircleDetection.cpp ..\CourseBid_Common\Course.cpp ..\CourseBid_Common\CourseEventLog.cpp ..\CourseBid_Common\RegistrationStartDate.cpp ..\CourseBid_Common\Student.cpp ..\CourseBid_Common\StudentEventLog.cpp ..\CourseBid_Common\SystemTime.cpp ..\CourseBid_Common\Technician.cpp ..\CourseBid_Common\TerminalObj.cpp ..\CourseBid_Common\User.cpp ..\CourseBid_Storage\DBEventLog.cpp ..\CourseBid_Storage\FileStorage.cpp ..\CourseBid_Utils\EventLog.cpp InsertAssignitionFileScreen.cpp LockScreen.cpp main_regTerminal.cpp PointDistributionScreen.cpp RegistrationTerminal.cpp StudentMainScreen.cpp TechnicianMainScreen.cpp TechnitianAssignitionResultsScreen.cpp Terminal.cpp UserLoginScreen.cpp
         AssignmentCalculator.cpp
     1>c:\users\gleyz_000\desktop\coursenidfinal\shenkar_coursebidsystem\coursebid_common\AssignmentCalculator.h(18): fatal error C1083: Cannot open include file: 'lemon/LP.h': No such file or directory
         CircleDetection.cpp
     1>c:\users\gleyz_000\desktop\coursenidfinal\shenkar_coursebidsystem\coursebid_common\CircleDetection.h(18): fatal error C1083: Cannot open include file: 'lemon\list_graph.h': No such file or directory
         Course.cpp
     1>c:\users\gleyz_000\desktop\coursenidfinal\shenkar_coursebidsystem\coursebid_common\Course.h(19): fatal error C1083: Cannot open include file: 'lemon/list_graph.h': No such file or directory
         CourseEventLog.cpp
     1>..\CourseBid_Common\CourseEventLog.cpp(11): warning C4067: unexpected tokens following preprocessor directive - expected a newline
     1>c:\users\gleyz_000\desktop\coursenidfinal\shenkar_coursebidsystem\coursebid_common\CourseEventLog.h(20): fatal error C1083: Cannot open include file: 'EventLog.h': No such file or directory
         RegistrationStartDate.cpp
     1>c:\users\gleyz_000\desktop\coursenidfinal\shenkar_coursebidsystem\coursebid_common\IdObj.h(19): fatal error C1083: Cannot open include file: 'IStorage.h': No such file or directory
         Student.cpp
     1>c:\users\gleyz_000\desktop\coursenidfinal\shenkar_coursebidsystem\coursebid_common\IdObj.h(19): fatal error C1083: Cannot open include file: 'IStorage.h': No such file or directory
         StudentEventLog.cpp
     1>..\CourseBid_Common\StudentEventLog.cpp(11): warning C4067: unexpected tokens following preprocessor directive - expected a newline
     1>c:\users\gleyz_000\desktop\coursenidfinal\shenkar_coursebidsystem\coursebid_common\StudentEventLog.h(20): fatal error C1083: Cannot open include file: 'EventLog.h': No such file or directory
         SystemTime.cpp
     1>c:\users\gleyz_000\desktop\coursenidfinal\shenkar_coursebidsystem\coursebid_common\IdObj.h(19): fatal error C1083: Cannot open include file: 'IStorage.h': No such file or directory
         Technician.cpp
     1>c:\users\gleyz_000\desktop\coursenidfinal\shenkar_coursebidsystem\coursebid_common\IdObj.h(19): fatal error C1083: Cannot open include file: 'IStorage.h': No such file or directory
         TerminalObj.cpp
     1>c:\users\gleyz_000\desktop\coursenidfinal\shenkar_coursebidsystem\coursebid_common\TerminalObj.h(19): fatal error C1083: Cannot open include file: 'FileStorage.h': No such file or directory
         User.cpp
     1>c:\users\gleyz_000\desktop\coursenidfinal\shenkar_coursebidsystem\coursebid_common\IdObj.h(19): fatal error C1083: Cannot open include file: 'IStorage.h': No such file or directory
         DBEventLog.cpp
     1>c:\users\gleyz_000\desktop\coursenidfinal\shenkar_coursebidsystem\coursebid_storage\DBEventLog.h(20): fatal error C1083: Cannot open include file: 'EventLog.h': No such file or directory
         FileStorage.cpp
     1>c:\users\gleyz_000\desktop\coursenidfinal\shenkar_coursebidsystem\coursebid_storage\DBEventLog.h(20): fatal error C1083: Cannot open include file: 'EventLog.h': No such file or directory
         EventLog.cpp
         InsertAssignitionFileScreen.cpp
     1>c:\users\gleyz_000\desktop\coursenidfinal\shenkar_coursebidsystem\coursebid_registrationterminal\InsertAssignitionFileScreen.h(20): fatal error C1083: Cannot open include file: 'UIScreen.h': No such file or directory
         LockScreen.cpp
     1>c:\users\gleyz_000\desktop\coursenidfinal\shenkar_coursebidsystem\coursebid_registrationterminal\Terminal.h(12): fatal error C1083: Cannot open include file: 'User.h': No such file or directory
         main_regTerminal.cpp
     1>main_regTerminal.cpp(23): fatal error C1083: Cannot open include file: 'Course.h': No such file or directory
         PointDistributionScreen.cpp
     1>c:\users\gleyz_000\desktop\coursenidfinal\shenkar_coursebidsystem\coursebid_registrationterminal\PointDistributionScreen.h(18): fatal error C1083: Cannot open include file: 'Course.h': No such file or directory
         RegistrationTerminal.cpp
     1>c:\users\gleyz_000\desktop\coursenidfinal\shenkar_coursebidsystem\coursebid_registrationterminal\RegistrationTerminal.h(17): fatal error C1083: Cannot open include file: 'UITerminal.h': No such file or directory
         StudentMainScreen.cpp
     1>c:\users\gleyz_000\desktop\coursenidfinal\shenkar_coursebidsystem\coursebid_registrationterminal\StudentMainScreen.h(18): fatal error C1083: Cannot open include file: 'UIMainScreen.h': No such file or directory
         Compiling...
         TechnicianMainScreen.cpp
     1>c:\users\gleyz_000\desktop\coursenidfinal\shenkar_coursebidsystem\coursebid_registrationterminal\TechnicianMainScreen.h(18): fatal error C1083: Cannot open include file: 'UIMainScreen.h': No such file or directory
         TechnitianAssignitionResultsScreen.cpp
     1>c:\users\gleyz_000\desktop\coursenidfinal\shenkar_coursebidsystem\coursebid_registrationterminal\TechnitianAssignitionResultsScreen.h(17): fatal error C1083: Cannot open include file: 'Technician.h': No such file or directory
         Terminal.cpp
     1>c:\users\gleyz_000\desktop\coursenidfinal\shenkar_coursebidsystem\coursebid_registrationterminal\Terminal.h(12): fatal error C1083: Cannot open include file: 'User.h': No such file or directory
         UserLoginScreen.cpp
     1>UserLoginScreen.cpp(12): fatal error C1083: Cannot open include file: 'Course.h': No such file or directory
     1>Done Building Project "C:\Users\gleyz_000\Desktop\coursenidFinal\Shenkar_CourseBidSystem\CourseBid_RegistrationTerminal\CourseBid_RegistrationTerminal.vcxproj" (Build target(s)) -- FAILED.

Build FAILED.

Time Elapsed 00:00:04.59
